2024-10-22 15:57:37.750 [main] INFO  [o.s.boot.web.embedded.tomcat.TomcatWebServer] - Tomcat initialized with port(s): 8888 (http)
2024-10-22 15:57:37.846 [main] INFO  [o.s.b.w.s.c.ServletWebServerApplicationContext] - Root WebApplicationContext: initialization completed in 795 ms
2024-10-22 15:57:38.055 [main] INFO  [o.s.b.a.l.ConditionEvaluationReportLoggingListener] - 

Error starting ApplicationContext. To display the conditions report re-run your application with 'debug' enabled.
2024-10-22 16:02:16.166 [main] INFO  [o.s.boot.web.embedded.tomcat.TomcatWebServer] - Tomcat initialized with port(s): 8888 (http)
2024-10-22 16:02:16.259 [main] INFO  [o.s.b.w.s.c.ServletWebServerApplicationContext] - Root WebApplicationContext: initialization completed in 781 ms
2024-10-22 16:02:16.433 [main] INFO  [o.s.b.a.l.ConditionEvaluationReportLoggingListener] - 

Error starting ApplicationContext. To display the conditions report re-run your application with 'debug' enabled.
2024-10-22 16:03:07.190 [main] INFO  [o.s.boot.web.embedded.tomcat.TomcatWebServer] - Tomcat initialized with port(s): 8888 (http)
2024-10-22 16:03:07.290 [main] INFO  [o.s.b.w.s.c.ServletWebServerApplicationContext] - Root WebApplicationContext: initialization completed in 792 ms
2024-10-22 16:03:07.725 [main] INFO  [o.s.b.a.l.ConditionEvaluationReportLoggingListener] - 

Error starting ApplicationContext. To display the conditions report re-run your application with 'debug' enabled.
2024-10-22 16:06:00.783 [main] INFO  [o.s.boot.web.embedded.tomcat.TomcatWebServer] - Tomcat initialized with port(s): 8080 (http)
2024-10-22 16:06:00.879 [main] INFO  [o.s.b.w.s.c.ServletWebServerApplicationContext] - Root WebApplicationContext: initialization completed in 779 ms
2024-10-22 16:06:01.289 [main] INFO  [o.s.boot.web.embedded.tomcat.TomcatWebServer] - Tomcat started on port(s): 8080 (http) with context path ''
2024-10-22 16:07:03.375 [http-nio-8080-exec-1] INFO  [org.springframework.web.servlet.DispatcherServlet] - Initializing Servlet 'dispatcherServlet'
2024-10-22 16:07:03.375 [http-nio-8080-exec-1] INFO  [org.springframework.web.servlet.DispatcherServlet] - Completed initialization in 0 ms
2024-10-22 16:08:25.767 [main] INFO  [o.s.boot.web.embedded.tomcat.TomcatWebServer] - Tomcat initialized with port(s): 8080 (http)
2024-10-22 16:08:25.862 [main] INFO  [o.s.b.w.s.c.ServletWebServerApplicationContext] - Root WebApplicationContext: initialization completed in 762 ms
2024-10-22 16:08:26.276 [main] INFO  [o.s.boot.web.embedded.tomcat.TomcatWebServer] - Tomcat started on port(s): 8080 (http) with context path ''
2024-10-22 16:09:42.526 [main] INFO  [o.s.boot.web.embedded.tomcat.TomcatWebServer] - Tomcat initialized with port(s): 8080 (http)
2024-10-22 16:09:42.623 [main] INFO  [o.s.b.w.s.c.ServletWebServerApplicationContext] - Root WebApplicationContext: initialization completed in 765 ms
2024-10-22 16:09:43.035 [main] INFO  [o.s.boot.web.embedded.tomcat.TomcatWebServer] - Tomcat started on port(s): 8080 (http) with context path ''
2024-10-22 16:09:57.140 [http-nio-8080-exec-1] INFO  [org.springframework.web.servlet.DispatcherServlet] - Initializing Servlet 'dispatcherServlet'
2024-10-22 16:09:57.140 [http-nio-8080-exec-1] INFO  [org.springframework.web.servlet.DispatcherServlet] - Completed initialization in 0 ms
2024-10-22 16:12:10.082 [main] INFO  [o.s.boot.web.embedded.tomcat.TomcatWebServer] - Tomcat initialized with port(s): 8080 (http)
2024-10-22 16:12:10.192 [main] INFO  [o.s.b.w.s.c.ServletWebServerApplicationContext] - Root WebApplicationContext: initialization completed in 762 ms
2024-10-22 16:12:10.590 [main] INFO  [o.s.boot.web.embedded.tomcat.TomcatWebServer] - Tomcat started on port(s): 8080 (http) with context path ''
2024-10-22 16:12:17.844 [http-nio-8080-exec-1] INFO  [org.springframework.web.servlet.DispatcherServlet] - Initializing Servlet 'dispatcherServlet'
2024-10-22 16:12:17.844 [http-nio-8080-exec-1] INFO  [org.springframework.web.servlet.DispatcherServlet] - Completed initialization in 0 ms
2024-10-22 16:14:26.201 [main] INFO  [o.s.boot.web.embedded.tomcat.TomcatWebServer] - Tomcat initialized with port(s): 8080 (http)
2024-10-22 16:14:26.316 [main] INFO  [o.s.b.w.s.c.ServletWebServerApplicationContext] - Root WebApplicationContext: initialization completed in 840 ms
2024-10-22 16:14:26.720 [main] INFO  [o.s.boot.web.embedded.tomcat.TomcatWebServer] - Tomcat started on port(s): 8080 (http) with context path ''
2024-10-22 16:14:32.953 [http-nio-8080-exec-1] INFO  [org.springframework.web.servlet.DispatcherServlet] - Initializing Servlet 'dispatcherServlet'
2024-10-22 16:14:32.953 [http-nio-8080-exec-1] INFO  [org.springframework.web.servlet.DispatcherServlet] - Completed initialization in 0 ms
2024-10-22 16:15:42.129 [main] INFO  [o.s.boot.web.embedded.tomcat.TomcatWebServer] - Tomcat initialized with port(s): 8080 (http)
2024-10-22 16:15:42.219 [main] INFO  [o.s.b.w.s.c.ServletWebServerApplicationContext] - Root WebApplicationContext: initialization completed in 774 ms
2024-10-22 16:15:42.635 [main] INFO  [o.s.boot.web.embedded.tomcat.TomcatWebServer] - Tomcat started on port(s): 8080 (http) with context path ''
2024-10-22 16:15:51.373 [http-nio-8080-exec-1] INFO  [org.springframework.web.servlet.DispatcherServlet] - Initializing Servlet 'dispatcherServlet'
2024-10-22 16:15:51.375 [http-nio-8080-exec-1] INFO  [org.springframework.web.servlet.DispatcherServlet] - Completed initialization in 0 ms
2024-10-22 16:16:20.366 [main] INFO  [o.s.boot.web.embedded.tomcat.TomcatWebServer] - Tomcat initialized with port(s): 8080 (http)
2024-10-22 16:16:20.466 [main] INFO  [o.s.b.w.s.c.ServletWebServerApplicationContext] - Root WebApplicationContext: initialization completed in 754 ms
2024-10-22 16:16:20.881 [main] INFO  [o.s.boot.web.embedded.tomcat.TomcatWebServer] - Tomcat started on port(s): 8080 (http) with context path ''
2024-10-22 16:16:25.060 [http-nio-8080-exec-1] INFO  [org.springframework.web.servlet.DispatcherServlet] - Initializing Servlet 'dispatcherServlet'
2024-10-22 16:16:25.060 [http-nio-8080-exec-1] INFO  [org.springframework.web.servlet.DispatcherServlet] - Completed initialization in 0 ms
2024-10-22 16:16:52.759 [main] INFO  [o.s.boot.web.embedded.tomcat.TomcatWebServer] - Tomcat initialized with port(s): 8080 (http)
2024-10-22 16:16:52.839 [main] INFO  [o.s.b.w.s.c.ServletWebServerApplicationContext] - Root WebApplicationContext: initialization completed in 753 ms
2024-10-22 16:16:53.254 [main] INFO  [o.s.boot.web.embedded.tomcat.TomcatWebServer] - Tomcat started on port(s): 8080 (http) with context path ''
2024-10-22 16:17:01.845 [http-nio-8080-exec-1] INFO  [org.springframework.web.servlet.DispatcherServlet] - Initializing Servlet 'dispatcherServlet'
2024-10-22 16:17:01.846 [http-nio-8080-exec-1] INFO  [org.springframework.web.servlet.DispatcherServlet] - Completed initialization in 0 ms
2024-10-22 16:18:33.533 [main] INFO  [o.s.boot.web.embedded.tomcat.TomcatWebServer] - Tomcat initialized with port(s): 8080 (http)
2024-10-22 16:18:33.628 [main] INFO  [o.s.b.w.s.c.ServletWebServerApplicationContext] - Root WebApplicationContext: initialization completed in 778 ms
2024-10-22 16:18:34.026 [main] INFO  [o.s.boot.web.embedded.tomcat.TomcatWebServer] - Tomcat started on port(s): 8080 (http) with context path ''
2024-10-22 16:18:52.421 [http-nio-8080-exec-1] INFO  [org.springframework.web.servlet.DispatcherServlet] - Initializing Servlet 'dispatcherServlet'
2024-10-22 16:18:52.424 [http-nio-8080-exec-1] INFO  [org.springframework.web.servlet.DispatcherServlet] - Completed initialization in 2 ms
2024-10-22 16:49:30.646 [main] INFO  [o.s.boot.web.embedded.tomcat.TomcatWebServer] - Tomcat initialized with port(s): 8080 (http)
2024-10-22 16:49:30.742 [main] INFO  [o.s.b.w.s.c.ServletWebServerApplicationContext] - Root WebApplicationContext: initialization completed in 769 ms
2024-10-22 16:49:31.153 [main] INFO  [o.s.boot.web.embedded.tomcat.TomcatWebServer] - Tomcat started on port(s): 8080 (http) with context path ''
2024-10-22 16:49:36.054 [http-nio-8080-exec-1] INFO  [org.springframework.web.servlet.DispatcherServlet] - Initializing Servlet 'dispatcherServlet'
2024-10-22 16:49:36.054 [http-nio-8080-exec-1] INFO  [org.springframework.web.servlet.DispatcherServlet] - Completed initialization in 0 ms
2024-10-22 16:52:15.696 [main] INFO  [o.s.boot.web.embedded.tomcat.TomcatWebServer] - Tomcat initialized with port(s): 8080 (http)
2024-10-22 16:52:15.791 [main] INFO  [o.s.b.w.s.c.ServletWebServerApplicationContext] - Root WebApplicationContext: initialization completed in 809 ms
2024-10-22 16:52:16.188 [main] INFO  [o.s.boot.web.embedded.tomcat.TomcatWebServer] - Tomcat started on port(s): 8080 (http) with context path ''
2024-10-22 16:52:20.158 [http-nio-8080-exec-1] INFO  [org.springframework.web.servlet.DispatcherServlet] - Initializing Servlet 'dispatcherServlet'
2024-10-22 16:52:20.158 [http-nio-8080-exec-1] INFO  [org.springframework.web.servlet.DispatcherServlet] - Completed initialization in 0 ms
2024-10-22 16:52:55.824 [main] INFO  [o.s.boot.web.embedded.tomcat.TomcatWebServer] - Tomcat initialized with port(s): 8080 (http)
2024-10-22 16:52:55.920 [main] INFO  [o.s.b.w.s.c.ServletWebServerApplicationContext] - Root WebApplicationContext: initialization completed in 759 ms
2024-10-22 16:52:56.332 [main] INFO  [o.s.boot.web.embedded.tomcat.TomcatWebServer] - Tomcat started on port(s): 8080 (http) with context path ''
2024-10-22 16:53:01.128 [http-nio-8080-exec-1] INFO  [org.springframework.web.servlet.DispatcherServlet] - Initializing Servlet 'dispatcherServlet'
2024-10-22 16:53:01.128 [http-nio-8080-exec-1] INFO  [org.springframework.web.servlet.DispatcherServlet] - Completed initialization in 0 ms
2024-10-22 16:53:25.777 [main] INFO  [o.s.boot.web.embedded.tomcat.TomcatWebServer] - Tomcat initialized with port(s): 8080 (http)
2024-10-22 16:53:25.869 [main] INFO  [o.s.b.w.s.c.ServletWebServerApplicationContext] - Root WebApplicationContext: initialization completed in 779 ms
2024-10-22 16:53:26.284 [main] INFO  [o.s.boot.web.embedded.tomcat.TomcatWebServer] - Tomcat started on port(s): 8080 (http) with context path ''
2024-10-22 16:53:30.216 [http-nio-8080-exec-1] INFO  [org.springframework.web.servlet.DispatcherServlet] - Initializing Servlet 'dispatcherServlet'
2024-10-22 16:53:30.216 [http-nio-8080-exec-1] INFO  [org.springframework.web.servlet.DispatcherServlet] - Completed initialization in 0 ms
2024-10-22 16:54:03.760 [main] INFO  [o.s.boot.web.embedded.tomcat.TomcatWebServer] - Tomcat initialized with port(s): 8080 (http)
2024-10-22 16:54:03.846 [main] INFO  [o.s.b.w.s.c.ServletWebServerApplicationContext] - Root WebApplicationContext: initialization completed in 748 ms
2024-10-22 16:54:04.257 [main] INFO  [o.s.boot.web.embedded.tomcat.TomcatWebServer] - Tomcat started on port(s): 8080 (http) with context path ''
2024-10-22 16:54:08.481 [http-nio-8080-exec-1] INFO  [org.springframework.web.servlet.DispatcherServlet] - Initializing Servlet 'dispatcherServlet'
2024-10-22 16:54:08.481 [http-nio-8080-exec-1] INFO  [org.springframework.web.servlet.DispatcherServlet] - Completed initialization in 0 ms
2024-10-22 19:49:29.470 [main] INFO  [o.s.boot.web.embedded.tomcat.TomcatWebServer] - Tomcat initialized with port(s): 8080 (http)
2024-10-22 19:49:29.566 [main] INFO  [o.s.b.w.s.c.ServletWebServerApplicationContext] - Root WebApplicationContext: initialization completed in 801 ms
2024-10-22 19:49:29.978 [main] INFO  [o.s.boot.web.embedded.tomcat.TomcatWebServer] - Tomcat started on port(s): 8080 (http) with context path ''
2024-10-22 19:50:08.660 [http-nio-8080-exec-1] INFO  [org.springframework.web.servlet.DispatcherServlet] - Initializing Servlet 'dispatcherServlet'
2024-10-22 19:50:08.660 [http-nio-8080-exec-1] INFO  [org.springframework.web.servlet.DispatcherServlet] - Completed initialization in 0 ms
2024-10-22 19:51:44.916 [main] INFO  [o.s.boot.web.embedded.tomcat.TomcatWebServer] - Tomcat initialized with port(s): 8080 (http)
2024-10-22 19:51:45.010 [main] INFO  [o.s.b.w.s.c.ServletWebServerApplicationContext] - Root WebApplicationContext: initialization completed in 802 ms
2024-10-22 19:51:45.439 [main] INFO  [o.s.boot.web.embedded.tomcat.TomcatWebServer] - Tomcat started on port(s): 8080 (http) with context path ''
2024-10-22 19:52:03.684 [http-nio-8080-exec-1] INFO  [org.springframework.web.servlet.DispatcherServlet] - Initializing Servlet 'dispatcherServlet'
2024-10-22 19:52:03.688 [http-nio-8080-exec-1] INFO  [org.springframework.web.servlet.DispatcherServlet] - Completed initialization in 1 ms
2024-10-22 19:52:54.750 [main] INFO  [o.s.boot.web.embedded.tomcat.TomcatWebServer] - Tomcat initialized with port(s): 8080 (http)
2024-10-22 19:52:54.845 [main] INFO  [o.s.b.w.s.c.ServletWebServerApplicationContext] - Root WebApplicationContext: initialization completed in 778 ms
2024-10-22 19:52:55.268 [main] INFO  [o.s.boot.web.embedded.tomcat.TomcatWebServer] - Tomcat started on port(s): 8080 (http) with context path ''
2024-10-22 19:53:03.648 [http-nio-8080-exec-1] INFO  [org.springframework.web.servlet.DispatcherServlet] - Initializing Servlet 'dispatcherServlet'
2024-10-22 19:53:03.648 [http-nio-8080-exec-1] INFO  [org.springframework.web.servlet.DispatcherServlet] - Completed initialization in 0 ms
2024-10-22 19:54:29.522 [main] INFO  [o.s.boot.web.embedded.tomcat.TomcatWebServer] - Tomcat initialized with port(s): 8080 (http)
2024-10-22 19:54:29.600 [main] INFO  [o.s.b.w.s.c.ServletWebServerApplicationContext] - Root WebApplicationContext: initialization completed in 765 ms
2024-10-22 19:54:30.044 [main] INFO  [o.s.boot.web.embedded.tomcat.TomcatWebServer] - Tomcat started on port(s): 8080 (http) with context path ''
2024-10-22 19:54:34.907 [http-nio-8080-exec-1] INFO  [org.springframework.web.servlet.DispatcherServlet] - Initializing Servlet 'dispatcherServlet'
2024-10-22 19:54:34.912 [http-nio-8080-exec-1] INFO  [org.springframework.web.servlet.DispatcherServlet] - Completed initialization in 5 ms
2024-10-22 19:59:01.315 [main] INFO  [o.s.boot.web.embedded.tomcat.TomcatWebServer] - Tomcat initialized with port(s): 8080 (http)
2024-10-22 19:59:01.415 [main] INFO  [o.s.b.w.s.c.ServletWebServerApplicationContext] - Root WebApplicationContext: initialization completed in 1034 ms
2024-10-22 19:59:01.991 [main] INFO  [o.s.boot.web.embedded.tomcat.TomcatWebServer] - Tomcat started on port(s): 8080 (http) with context path ''
2024-10-22 19:59:08.034 [http-nio-8080-exec-1] INFO  [org.springframework.web.servlet.DispatcherServlet] - Initializing Servlet 'dispatcherServlet'
2024-10-22 19:59:08.034 [http-nio-8080-exec-1] INFO  [org.springframework.web.servlet.DispatcherServlet] - Completed initialization in 0 ms
2024-10-22 20:02:29.216 [main] INFO  [o.s.boot.web.embedded.tomcat.TomcatWebServer] - Tomcat initialized with port(s): 8080 (http)
2024-10-22 20:02:29.310 [main] INFO  [o.s.b.w.s.c.ServletWebServerApplicationContext] - Root WebApplicationContext: initialization completed in 1047 ms
2024-10-22 20:02:29.908 [main] INFO  [o.s.boot.web.embedded.tomcat.TomcatWebServer] - Tomcat started on port(s): 8080 (http) with context path ''
2024-10-22 20:02:45.573 [http-nio-8080-exec-1] INFO  [org.springframework.web.servlet.DispatcherServlet] - Initializing Servlet 'dispatcherServlet'
2024-10-22 20:02:45.573 [http-nio-8080-exec-1] INFO  [org.springframework.web.servlet.DispatcherServlet] - Completed initialization in 0 ms
2024-10-22 20:10:51.645 [main] INFO  [o.s.boot.web.embedded.tomcat.TomcatWebServer] - Tomcat initialized with port(s): 8080 (http)
2024-10-22 20:10:51.746 [main] INFO  [o.s.b.w.s.c.ServletWebServerApplicationContext] - Root WebApplicationContext: initialization completed in 1050 ms
2024-10-22 20:10:52.348 [main] INFO  [o.s.boot.web.embedded.tomcat.TomcatWebServer] - Tomcat started on port(s): 8080 (http) with context path ''
2024-10-22 20:11:29.312 [http-nio-8080-exec-1] INFO  [org.springframework.web.servlet.DispatcherServlet] - Initializing Servlet 'dispatcherServlet'
2024-10-22 20:11:29.327 [http-nio-8080-exec-1] INFO  [org.springframework.web.servlet.DispatcherServlet] - Completed initialization in 15 ms
2024-10-22 20:16:40.404 [main] INFO  [o.s.boot.web.embedded.tomcat.TomcatWebServer] - Tomcat initialized with port(s): 8080 (http)
2024-10-22 20:16:40.506 [main] INFO  [o.s.b.w.s.c.ServletWebServerApplicationContext] - Root WebApplicationContext: initialization completed in 1041 ms
2024-10-22 20:16:41.107 [main] INFO  [o.s.boot.web.embedded.tomcat.TomcatWebServer] - Tomcat started on port(s): 8080 (http) with context path ''
2024-10-22 20:16:47.398 [http-nio-8080-exec-1] INFO  [org.springframework.web.servlet.DispatcherServlet] - Initializing Servlet 'dispatcherServlet'
2024-10-22 20:16:47.398 [http-nio-8080-exec-1] INFO  [org.springframework.web.servlet.DispatcherServlet] - Completed initialization in 0 ms
2024-10-22 20:20:38.330 [main] INFO  [o.s.boot.web.embedded.tomcat.TomcatWebServer] - Tomcat initialized with port(s): 8080 (http)
2024-10-22 20:20:38.426 [main] INFO  [o.s.b.w.s.c.ServletWebServerApplicationContext] - Root WebApplicationContext: initialization completed in 1017 ms
2024-10-22 20:20:39.032 [main] INFO  [o.s.boot.web.embedded.tomcat.TomcatWebServer] - Tomcat started on port(s): 8080 (http) with context path ''
2024-10-22 20:20:52.271 [http-nio-8080-exec-1] INFO  [org.springframework.web.servlet.DispatcherServlet] - Initializing Servlet 'dispatcherServlet'
2024-10-22 20:20:52.271 [http-nio-8080-exec-1] INFO  [org.springframework.web.servlet.DispatcherServlet] - Completed initialization in 0 ms
2024-10-22 20:25:11.172 [main] INFO  [o.s.boot.web.embedded.tomcat.TomcatWebServer] - Tomcat initialized with port(s): 8080 (http)
2024-10-22 20:25:11.268 [main] INFO  [o.s.b.w.s.c.ServletWebServerApplicationContext] - Root WebApplicationContext: initialization completed in 1006 ms
2024-10-22 20:25:11.855 [main] INFO  [o.s.boot.web.embedded.tomcat.TomcatWebServer] - Tomcat started on port(s): 8080 (http) with context path ''
2024-10-22 20:25:17.991 [http-nio-8080-exec-1] INFO  [org.springframework.web.servlet.DispatcherServlet] - Initializing Servlet 'dispatcherServlet'
2024-10-22 20:25:17.991 [http-nio-8080-exec-1] INFO  [org.springframework.web.servlet.DispatcherServlet] - Completed initialization in 0 ms
2024-10-22 20:26:26.438 [main] INFO  [o.s.boot.web.embedded.tomcat.TomcatWebServer] - Tomcat initialized with port(s): 8080 (http)
2024-10-22 20:26:26.532 [main] INFO  [o.s.b.w.s.c.ServletWebServerApplicationContext] - Root WebApplicationContext: initialization completed in 1003 ms
2024-10-22 20:26:27.158 [main] INFO  [o.s.boot.web.embedded.tomcat.TomcatWebServer] - Tomcat started on port(s): 8080 (http) with context path ''
2024-10-22 20:26:38.520 [http-nio-8080-exec-1] INFO  [org.springframework.web.servlet.DispatcherServlet] - Initializing Servlet 'dispatcherServlet'
2024-10-22 20:26:38.520 [http-nio-8080-exec-1] INFO  [org.springframework.web.servlet.DispatcherServlet] - Completed initialization in 0 ms
2024-10-22 20:33:09.175 [main] INFO  [o.s.boot.web.embedded.tomcat.TomcatWebServer] - Tomcat initialized with port(s): 8080 (http)
2024-10-22 20:33:09.273 [main] INFO  [o.s.b.w.s.c.ServletWebServerApplicationContext] - Root WebApplicationContext: initialization completed in 1034 ms
2024-10-22 20:33:09.890 [main] INFO  [o.s.boot.web.embedded.tomcat.TomcatWebServer] - Tomcat started on port(s): 8080 (http) with context path ''
2024-10-22 20:33:20.280 [http-nio-8080-exec-1] INFO  [org.springframework.web.servlet.DispatcherServlet] - Initializing Servlet 'dispatcherServlet'
2024-10-22 20:33:20.280 [http-nio-8080-exec-1] INFO  [org.springframework.web.servlet.DispatcherServlet] - Completed initialization in 0 ms
2024-10-22 20:34:27.512 [main] INFO  [o.s.boot.web.embedded.tomcat.TomcatWebServer] - Tomcat initialized with port(s): 8080 (http)
2024-10-22 20:34:27.607 [main] INFO  [o.s.b.w.s.c.ServletWebServerApplicationContext] - Root WebApplicationContext: initialization completed in 1034 ms
2024-10-22 20:34:28.196 [main] INFO  [o.s.boot.web.embedded.tomcat.TomcatWebServer] - Tomcat started on port(s): 8080 (http) with context path ''
2024-10-22 20:34:38.298 [http-nio-8080-exec-1] INFO  [org.springframework.web.servlet.DispatcherServlet] - Initializing Servlet 'dispatcherServlet'
2024-10-22 20:34:38.300 [http-nio-8080-exec-1] INFO  [org.springframework.web.servlet.DispatcherServlet] - Completed initialization in 1 ms
